<?xml version="1.0" encoding="UTF-8"?>
<robot generator="Robot 3.2 (Python 3.7.4 on win32)" generated="20200505 11:05:25.443" rpa="false">
<suite id="s1" name="Web 01" source="C:\Users\Administrator\Desktop\web_robot_learning\web_01.robot">
<test id="s1-t1" name="百度搜索关键字">
<kw name="Open Browser" library="SeleniumLibrary">
<doc>Opens a new browser instance to the optional ``url``.</doc>
<arguments>
<arg>${LOGIN URL}</arg>
<arg>${BROWSER}</arg>
</arguments>
<msg timestamp="20200505 11:05:25.665" level="INFO">Opening browser 'Chrome' to base url 'http://www.baidu.com'.</msg>
<status status="PASS" starttime="20200505 11:05:25.664" endtime="20200505 11:05:37.100"></status>
</kw>
<kw name="Input Text" library="SeleniumLibrary">
<doc>Types the given ``text`` into the text field identified by ``locator``.</doc>
<arguments>
<arg>id:kw</arg>
<arg>helloworld</arg>
</arguments>
<msg timestamp="20200505 11:05:37.101" level="INFO">Typing text 'helloworld' into text field 'id:kw'.</msg>
<status status="PASS" starttime="20200505 11:05:37.101" endtime="20200505 11:05:37.942"></status>
</kw>
<status status="PASS" starttime="20200505 11:05:25.663" endtime="20200505 11:05:37.942" critical="yes"></status>
</test>
<doc>Simple example using SeleniumLibrary.</doc>
<status status="PASS" starttime="20200505 11:05:25.445" endtime="20200505 11:05:37.943"></status>
</suite>
<statistics>
<total>
<stat pass="1" fail="0">Critical Tests</stat>
<stat pass="1" fail="0">All Tests</stat>
</total>
<tag>
</tag>
<suite>
<stat pass="1" fail="0" id="s1" name="Web 01">Web 01</stat>
</suite>
</statistics>
<errors>
</errors>
</robot>
